<?xml version="1.0" encoding="UTF-8"?>
<testng-results skipped="0" failed="0" ignored="0" total="1" passed="1">
  <reporter-output>
  </reporter-output>
  <suite name="Default suite" duration-ms="1245" started-at="2020-11-10T21:04:19Z" finished-at="2020-11-10T21:04:20Z">
    <groups>
    </groups>
    <test name="Default test" duration-ms="1245" started-at="2020-11-10T21:04:19Z" finished-at="2020-11-10T21:04:20Z">
      <class name="Sumvalidation">
        <test-method status="PASS" signature="sumCouPric()[pri:0, instance:Sumvalidation@cb5822]" name="sumCouPric" duration-ms="1191" started-at="2020-11-10T16:04:19Z" finished-at="2020-11-10T16:04:20Z">
          <reporter-output>
          </reporter-output>
        </test-method> <!-- sumCouPric -->
      </class> <!-- Sumvalidation -->
    </test> <!-- Default test -->
  </suite> <!-- Default suite -->
</testng-results>
